= Start
@ /home/leeweop/kkkmmu/pppp/lib/libkkkmmu.so.1:(ListCreate+0x9f)[0x7f8c8ac999d0] + 0x105aa10 0x18
@ /home/leeweop/kkkmmu/pppp/lib/libkkkmmu.so.1:(ListInsertFront+0xf3)[0x7f8c8ac9a285] + 0x105aa30 0x10
@ /home/leeweop/kkkmmu/pppp/lib/libkkkmmu.so.1:(ListInsertFront+0xf3)[0x7f8c8ac9a285] + 0x105aa50 0x10
@ /home/leeweop/kkkmmu/pppp/lib/libkkkmmu.so.1:(ListInsertFront+0xf3)[0x7f8c8ac9a285] + 0x105aa70 0x10
@ /home/leeweop/kkkmmu/pppp/lib/libkkkmmu.so.1:(ListInsertFront+0xf3)[0x7f8c8ac9a285] + 0x105aa90 0x10
@ /home/leeweop/kkkmmu/pppp/lib/libkkkmmu.so.1:(ListInsertFront+0xf3)[0x7f8c8ac9a285] + 0x105aab0 0x10
@ /home/leeweop/kkkmmu/pppp/lib/libkkkmmu.so.1:(ListInsertFront+0xf3)[0x7f8c8ac9a285] + 0x105aad0 0x10
@ /home/leeweop/kkkmmu/pppp/lib/libkkkmmu.so.1:(ListInsertFront+0xf3)[0x7f8c8ac9a285] + 0x105aaf0 0x10
@ /home/leeweop/kkkmmu/pppp/lib/libkkkmmu.so.1:(ListInsertFront+0xf3)[0x7f8c8ac9a285] + 0x105ab10 0x10
@ /home/leeweop/kkkmmu/pppp/lib/libkkkmmu.so.1:(ListInsertFront+0xf3)[0x7f8c8ac9a285] + 0x105ab30 0x10
@ /home/leeweop/kkkmmu/pppp/lib/libkkkmmu.so.1:(ListInsertFront+0xf3)[0x7f8c8ac9a285] + 0x105ab50 0x10
@ /lib64/libc.so.6:(_IO_file_doallocate+0x72)[0x7f8c89c04472] + 0x105ab70 0x400
@ /home/leeweop/kkkmmu/pppp/lib/libkkkmmu.so.1:(ListFlush+0x157)[0x7f8c8ac9bb7c] - 0x105ab50
@ /home/leeweop/kkkmmu/pppp/lib/libkkkmmu.so.1:(ListFlush+0x157)[0x7f8c8ac9bb7c] - 0x105ab30
@ /home/leeweop/kkkmmu/pppp/lib/libkkkmmu.so.1:(ListFlush+0x157)[0x7f8c8ac9bb7c] - 0x105ab10
@ /home/leeweop/kkkmmu/pppp/lib/libkkkmmu.so.1:(ListFlush+0x157)[0x7f8c8ac9bb7c] - 0x105aaf0
@ /home/leeweop/kkkmmu/pppp/lib/libkkkmmu.so.1:(ListFlush+0x157)[0x7f8c8ac9bb7c] - 0x105aad0
@ /home/leeweop/kkkmmu/pppp/lib/libkkkmmu.so.1:(ListFlush+0x157)[0x7f8c8ac9bb7c] - 0x105aab0
@ /home/leeweop/kkkmmu/pppp/lib/libkkkmmu.so.1:(ListFlush+0x157)[0x7f8c8ac9bb7c] - 0x105aa90
@ /home/leeweop/kkkmmu/pppp/lib/libkkkmmu.so.1:(ListFlush+0x157)[0x7f8c8ac9bb7c] - 0x105aa70
@ /home/leeweop/kkkmmu/pppp/lib/libkkkmmu.so.1:(ListFlush+0x157)[0x7f8c8ac9bb7c] - 0x105aa50
@ /home/leeweop/kkkmmu/pppp/lib/libkkkmmu.so.1:(ListFlush+0x157)[0x7f8c8ac9bb7c] - 0x105aa30
@ /home/leeweop/kkkmmu/pppp/lib/libkkkmmu.so.1:(ListDestroy+0x79)[0x7f8c8ac9bc85] - 0x105aa10
@ /home/leeweop/kkkmmu/pppp/lib/libkkkmmu.so.1:(ListCreate+0x9f)[0x7f8c8ac999d0] + 0x105aa10 0x18
@ /home/leeweop/kkkmmu/pppp/lib/libkkkmmu.so.1:(ListInsertEnd+0xfb)[0x7f8c8ac9a47f] + 0x105aa30 0x10
@ /home/leeweop/kkkmmu/pppp/lib/libkkkmmu.so.1:(ListInsertEnd+0xfb)[0x7f8c8ac9a47f] + 0x105aa50 0x10
@ /home/leeweop/kkkmmu/pppp/lib/libkkkmmu.so.1:(ListInsertEnd+0xfb)[0x7f8c8ac9a47f] + 0x105aa70 0x10
@ /home/leeweop/kkkmmu/pppp/lib/libkkkmmu.so.1:(ListInsertEnd+0xfb)[0x7f8c8ac9a47f] + 0x105aa90 0x10
@ /home/leeweop/kkkmmu/pppp/lib/libkkkmmu.so.1:(ListInsertEnd+0xfb)[0x7f8c8ac9a47f] + 0x105aab0 0x10
@ /home/leeweop/kkkmmu/pppp/lib/libkkkmmu.so.1:(ListInsertEnd+0xfb)[0x7f8c8ac9a47f] + 0x105aad0 0x10
@ /home/leeweop/kkkmmu/pppp/lib/libkkkmmu.so.1:(ListInsertEnd+0xfb)[0x7f8c8ac9a47f] + 0x105aaf0 0x10
@ /home/leeweop/kkkmmu/pppp/lib/libkkkmmu.so.1:(ListInsertEnd+0xfb)[0x7f8c8ac9a47f] + 0x105ab10 0x10
@ /home/leeweop/kkkmmu/pppp/lib/libkkkmmu.so.1:(ListInsertEnd+0xfb)[0x7f8c8ac9a47f] + 0x105ab30 0x10
@ /home/leeweop/kkkmmu/pppp/lib/libkkkmmu.so.1:(ListInsertEnd+0xfb)[0x7f8c8ac9a47f] + 0x105ab50 0x10
@ /home/leeweop/kkkmmu/pppp/lib/libkkkmmu.so.1:(ListDeleteFirst+0x138)[0x7f8c8ac9aaea] - 0x105aa30
@ /home/leeweop/kkkmmu/pppp/lib/libkkkmmu.so.1:(ListDeleteLast+0x1ed)[0x7f8c8ac9ad34] - 0x105ab50
@ /home/leeweop/kkkmmu/pppp/lib/libkkkmmu.so.1:(ListDeleteNode+0x225)[0x7f8c8ac9afb6] - 0x105aab0
@ /home/leeweop/kkkmmu/pppp/lib/libkkkmmu.so.1:(ListDeleteNode+0x225)[0x7f8c8ac9afb6] - 0x105aad0
@ /home/leeweop/kkkmmu/pppp/lib/libkkkmmu.so.1:(ListDeleteNode+0x225)[0x7f8c8ac9afb6] - 0x105ab30
@ /home/leeweop/kkkmmu/pppp/lib/libkkkmmu.so.1:(ListFlush+0x157)[0x7f8c8ac9bb7c] - 0x105ab10
@ /home/leeweop/kkkmmu/pppp/lib/libkkkmmu.so.1:(ListFlush+0x157)[0x7f8c8ac9bb7c] - 0x105aaf0
@ /home/leeweop/kkkmmu/pppp/lib/libkkkmmu.so.1:(ListFlush+0x157)[0x7f8c8ac9bb7c] - 0x105aa90
@ /home/leeweop/kkkmmu/pppp/lib/libkkkmmu.so.1:(ListFlush+0x157)[0x7f8c8ac9bb7c] - 0x105aa70
@ /home/leeweop/kkkmmu/pppp/lib/libkkkmmu.so.1:(ListFlush+0x157)[0x7f8c8ac9bb7c] - 0x105aa50
@ /home/leeweop/kkkmmu/pppp/lib/libkkkmmu.so.1:(ListInsertSorted+0x103)[0x7f8c8ac9a739] + 0x105aa50 0x10
@ /home/leeweop/kkkmmu/pppp/lib/libkkkmmu.so.1:(ListInsertSorted+0x103)[0x7f8c8ac9a739] + 0x105aa70 0x10
@ /home/leeweop/kkkmmu/pppp/lib/libkkkmmu.so.1:(ListInsertSorted+0x103)[0x7f8c8ac9a739] + 0x105aa90 0x10
@ /home/leeweop/kkkmmu/pppp/lib/libkkkmmu.so.1:(ListInsertSorted+0x103)[0x7f8c8ac9a739] + 0x105aaf0 0x10
@ /home/leeweop/kkkmmu/pppp/lib/libkkkmmu.so.1:(ListInsertSorted+0x103)[0x7f8c8ac9a739] + 0x105ab10 0x10
@ /home/leeweop/kkkmmu/pppp/lib/libkkkmmu.so.1:(ListInsertSorted+0x103)[0x7f8c8ac9a739] + 0x105ab30 0x10
@ /home/leeweop/kkkmmu/pppp/lib/libkkkmmu.so.1:(ListInsertSorted+0x103)[0x7f8c8ac9a739] + 0x105aad0 0x10
@ /home/leeweop/kkkmmu/pppp/lib/libkkkmmu.so.1:(ListInsertSorted+0x103)[0x7f8c8ac9a739] + 0x105aab0 0x10
@ /home/leeweop/kkkmmu/pppp/lib/libkkkmmu.so.1:(ListInsertSorted+0x103)[0x7f8c8ac9a739] + 0x105ab50 0x10
@ /home/leeweop/kkkmmu/pppp/lib/libkkkmmu.so.1:(ListInsertSorted+0x103)[0x7f8c8ac9a739] + 0x105aa30 0x10
@ /home/leeweop/kkkmmu/pppp/lib/libkkkmmu.so.1:(ListInsertSorted+0x103)[0x7f8c8ac9a739] + 0x105af80 0x10
@ /home/leeweop/kkkmmu/pppp/lib/libkkkmmu.so.1:(ListInsertSorted+0x103)[0x7f8c8ac9a739] + 0x105afa0 0x10
@ /home/leeweop/kkkmmu/pppp/lib/libkkkmmu.so.1:(ListInsertSorted+0x103)[0x7f8c8ac9a739] + 0x105afc0 0x10
@ /home/leeweop/kkkmmu/pppp/lib/libkkkmmu.so.1:(ListInsertSorted+0x103)[0x7f8c8ac9a739] + 0x105afe0 0x10
@ /home/leeweop/kkkmmu/pppp/lib/libkkkmmu.so.1:(ListInsertSorted+0x103)[0x7f8c8ac9a739] + 0x105b000 0x10
@ /home/leeweop/kkkmmu/pppp/lib/libkkkmmu.so.1:(ListInsertSorted+0x103)[0x7f8c8ac9a739] + 0x105b020 0x10
@ /home/leeweop/kkkmmu/pppp/lib/libkkkmmu.so.1:(ListInsertSorted+0x103)[0x7f8c8ac9a739] + 0x105b040 0x10
@ /home/leeweop/kkkmmu/pppp/lib/libkkkmmu.so.1:(ListInsertSorted+0x103)[0x7f8c8ac9a739] + 0x105b060 0x10
@ /home/leeweop/kkkmmu/pppp/lib/libkkkmmu.so.1:(ListInsertSorted+0x103)[0x7f8c8ac9a739] + 0x105b080 0x10
@ /home/leeweop/kkkmmu/pppp/lib/libkkkmmu.so.1:(ListInsertSorted+0x103)[0x7f8c8ac9a739] + 0x105b0a0 0x10
@ /home/leeweop/kkkmmu/pppp/lib/libkkkmmu.so.1:(ListInsertSorted+0x103)[0x7f8c8ac9a739] + 0x105b0c0 0x10
@ /home/leeweop/kkkmmu/pppp/lib/libkkkmmu.so.1:(ListInsertSorted+0x103)[0x7f8c8ac9a739] + 0x105b0e0 0x10
@ /home/leeweop/kkkmmu/pppp/lib/libkkkmmu.so.1:(DListCreate+0xe6)[0x7f8c8ac975b6] + 0x105b100 0x18
@ /home/leeweop/kkkmmu/pppp/lib/libkkkmmu.so.1:(DListInsertFront+0xe6)[0x7f8c8ac97956] + 0x105b120 0x18
@ /home/leeweop/kkkmmu/pppp/lib/libkkkmmu.so.1:(DListInsertFront+0xe6)[0x7f8c8ac97956] + 0x105b140 0x18
@ /home/leeweop/kkkmmu/pppp/lib/libkkkmmu.so.1:(DListInsertFront+0xe6)[0x7f8c8ac97956] + 0x105b160 0x18
@ /home/leeweop/kkkmmu/pppp/lib/libkkkmmu.so.1:(DListInsertFront+0xe6)[0x7f8c8ac97956] + 0x105b180 0x18
@ /home/leeweop/kkkmmu/pppp/lib/libkkkmmu.so.1:(DListInsertFront+0xe6)[0x7f8c8ac97956] + 0x105b1a0 0x18
@ /home/leeweop/kkkmmu/pppp/lib/libkkkmmu.so.1:(DListInsertFront+0xe6)[0x7f8c8ac97956] + 0x105b1c0 0x18
@ /home/leeweop/kkkmmu/pppp/lib/libkkkmmu.so.1:(DListInsertFront+0xe6)[0x7f8c8ac97956] + 0x105b1e0 0x18
@ /home/leeweop/kkkmmu/pppp/lib/libkkkmmu.so.1:(DListInsertFront+0xe6)[0x7f8c8ac97956] + 0x105b200 0x18
@ /home/leeweop/kkkmmu/pppp/lib/libkkkmmu.so.1:(DListInsertFront+0xe6)[0x7f8c8ac97956] + 0x105b220 0x18
@ /home/leeweop/kkkmmu/pppp/lib/libkkkmmu.so.1:(DListInsertFront+0xe6)[0x7f8c8ac97956] + 0x105b240 0x18
@ /home/leeweop/kkkmmu/pppp/lib/libkkkmmu.so.1:(DListDeleteFirst+0x1e0)[0x7f8c8ac985c2] - 0x105b240
@ /home/leeweop/kkkmmu/pppp/lib/libkkkmmu.so.1:(DListDeleteFirst+0x1e0)[0x7f8c8ac985c2] - 0x105b220
@ /home/leeweop/kkkmmu/pppp/lib/libkkkmmu.so.1:(DListDeleteLast+0x1ee)[0x7f8c8ac9880d] - 0x105b120
@ /home/leeweop/kkkmmu/pppp/lib/libkkkmmu.so.1:(DListDelete+0x314)[0x7f8c8ac98ee4] - 0x105b1e0
@ /home/leeweop/kkkmmu/pppp/lib/libkkkmmu.so.1:(DListDestroy+0x11f)[0x7f8c8ac977d3] - 0x105b200
@ /home/leeweop/kkkmmu/pppp/lib/libkkkmmu.so.1:(DListDestroy+0x11f)[0x7f8c8ac977d3] - 0x105b1c0
@ /home/leeweop/kkkmmu/pppp/lib/libkkkmmu.so.1:(DListDestroy+0x11f)[0x7f8c8ac977d3] - 0x105b1a0
@ /home/leeweop/kkkmmu/pppp/lib/libkkkmmu.so.1:(DListDestroy+0x11f)[0x7f8c8ac977d3] - 0x105b180
@ /home/leeweop/kkkmmu/pppp/lib/libkkkmmu.so.1:(DListDestroy+0x11f)[0x7f8c8ac977d3] - 0x105b160
@ /home/leeweop/kkkmmu/pppp/lib/libkkkmmu.so.1:(DListDestroy+0x11f)[0x7f8c8ac977d3] - 0x105b140
@ /home/leeweop/kkkmmu/pppp/lib/libkkkmmu.so.1:(DListDestroy+0x16a)[0x7f8c8ac9781e] - 0x105b100
@ /home/leeweop/kkkmmu/pppp/lib/libkkkmmu.so.1:(DListCreate+0xe6)[0x7f8c8ac975b6] + 0x105b100 0x18
@ /home/leeweop/kkkmmu/pppp/lib/libkkkmmu.so.1:(DListInsertSorted+0xd5)[0x7f8c8ac98132] + 0x105b140 0x18
@ /home/leeweop/kkkmmu/pppp/lib/libkkkmmu.so.1:(DListInsertSorted+0xd5)[0x7f8c8ac98132] + 0x105b160 0x18
@ /home/leeweop/kkkmmu/pppp/lib/libkkkmmu.so.1:(DListInsertSorted+0xd5)[0x7f8c8ac98132] + 0x105b180 0x18
@ /home/leeweop/kkkmmu/pppp/lib/libkkkmmu.so.1:(DListInsertSorted+0xd5)[0x7f8c8ac98132] + 0x105b1a0 0x18
@ /home/leeweop/kkkmmu/pppp/lib/libkkkmmu.so.1:(DListInsertSorted+0xd5)[0x7f8c8ac98132] + 0x105b1c0 0x18
@ /home/leeweop/kkkmmu/pppp/lib/libkkkmmu.so.1:(DListInsertSorted+0xd5)[0x7f8c8ac98132] + 0x105b200 0x18
@ /home/leeweop/kkkmmu/pppp/lib/libkkkmmu.so.1:(DListInsertSorted+0xd5)[0x7f8c8ac98132] + 0x105b1e0 0x18
@ /home/leeweop/kkkmmu/pppp/lib/libkkkmmu.so.1:(DListInsertSorted+0xd5)[0x7f8c8ac98132] + 0x105b120 0x18
@ /home/leeweop/kkkmmu/pppp/lib/libkkkmmu.so.1:(DListInsertSorted+0xd5)[0x7f8c8ac98132] + 0x105b220 0x18
@ /home/leeweop/kkkmmu/pppp/lib/libkkkmmu.so.1:(DListInsertSorted+0xd5)[0x7f8c8ac98132] + 0x105b240 0x18
= End
