 show running-config
!
hostname V8500
!
user add liwei level 15 passwd encrypt Qhlnvy76lksYoQh/bxN22Txekg Test
!
syslog output info console
!
slot planning siu 3 iu-10ge8 
slot planning siu 5 iu-gepon8 
slot planning siu 10 iu-ge8 
slot lock siu 1 
slot lock siu 2 
slot lock siu 3 
slot lock siu 4 
slot unlock siu 5 
slot lock siu 6 
slot lock siu 7 
slot lock siu 8 
slot lock siu 9 
slot unlock siu 10 
slot lock siu 11 
slot lock siu 12 
!
ip multicast-routing
ip ecmp-hash sip-dip
service dhcp
!
fan operation full
!
ssh server enable
!
ip dhcp pool liwei
!
ip dhcp option82
 trust default permit
 system-circuit-id port-type physical
 system-remote-id option format remote-default
 dhcp-opt254-append enable
!
vlan database
 vlan 10,12-13,50,60,70,100,200,1000,2000 state enable
!
ethernet oam enable
!
epon olt redundancy standby olt rxpower alarm -40.0000 -30.0000
!
interface lo
 no shutdown
 ipv6 enable
 ip address 1.1.1.1/32
 ip address 11.1.1.1/24 secondary
 ipv6 address 2001:db8:9999:9999::1/64
 ip pim sparse-mode
!
interface management
 no shutdown
 ip address 10.71.20.198/24
!
interface tengigabitethernet 3/1
 no shutdown
 switchport mode access
 no system-circuit-id option format 
!
interface tengigabitethernet 3/2
 no shutdown
 switchport mode access
 no system-circuit-id option format 
!
interface tengigabitethernet 3/3
 no shutdown
 switchport mode access
 no system-circuit-id option format 
!
interface tengigabitethernet 3/4
 no shutdown
 switchport mode access
 no system-circuit-id option format 
!
interface tengigabitethernet 3/5
 no shutdown
 switchport mode access
 no system-circuit-id option format 
!
interface tengigabitethernet 3/6
 no shutdown
 switchport mode access
 no system-circuit-id option format 
!
interface tengigabitethernet 3/7
 no shutdown
 switchport mode access
 no system-circuit-id option format 
!
interface tengigabitethernet 3/8
 no shutdown
 switchport mode access
 no system-circuit-id option format 
!
interface epon 5/1
 no shutdown
 switchport mode access
 system-circuit-id option format circuit-default
 olt dhcp option254 enable
!
interface epon 5/2
 no shutdown
 switchport mode access
 system-circuit-id option format circuit-default
 olt dhcp option254 enable
!
interface epon 5/3
 no shutdown
 switchport mode access
 system-circuit-id option format circuit-default
 olt dhcp option254 enable
!
interface epon 5/4
 no shutdown
 switchport mode access
 system-circuit-id option format circuit-default
 olt dhcp option254 enable
!
interface epon 5/5
 no shutdown
 switchport mode access
 system-circuit-id option format circuit-default
 olt dhcp option254 enable
!
interface epon 5/6
 no shutdown
 switchport mode access
 system-circuit-id option format circuit-default
 olt dhcp option254 enable
!
interface epon 5/7
 no shutdown
 switchport mode access
 system-circuit-id option format circuit-default
 olt dhcp option254 enable
!
interface epon 5/8
 no shutdown
 switchport mode access
 system-circuit-id option format circuit-default
 olt dhcp option254 enable
!
interface gigabitethernet 10/1
 pvid 50
 no shutdown
 switchport mode access
 switchport access vlan 50
 no system-circuit-id option format 
!
interface gigabitethernet 10/2
 no shutdown
 switchport mode access
 no system-circuit-id option format 
!
interface gigabitethernet 10/3
 pvid 60
 no shutdown
 switchport mode access
 switchport access vlan 60
 no system-circuit-id option format 
!
interface gigabitethernet 10/4
 pvid 70
 no shutdown
 switchport mode access
 switchport access vlan 70
 no system-circuit-id option format 
!
interface gigabitethernet 10/5
 no shutdown
 switchport mode access
 no system-circuit-id option format 
!
interface gigabitethernet 10/6
 pvid 1000
 no shutdown
 switchport mode access
 switchport access vlan 1000
 no system-circuit-id option format 
!
interface gigabitethernet 10/7
 no shutdown
 switchport mode access
 no system-circuit-id option format 
!
interface gigabitethernet 10/8
 pvid 2000
 no shutdown
 switchport mode access
 switchport access vlan 2000
 no system-circuit-id option format 
!
interface vlan 12
 no shutdown
 ip address 12.1.1.1/24
!
interface vlan 13
 no shutdown
 ip address 13.1.1.1/24
!
interface vlan 50
 no shutdown
 ip address 50.0.0.1/24
 ip igmp version 3
 ip pim sparse-mode
!
interface vlan 60
 no shutdown
 ip address 60.0.0.1/24
 ip pim sparse-mode
!
interface vlan 70
 no shutdown
 ip address 70.0.0.1/24
 ipv6 address 2010:1::70/64
 ip router isis
 ipv6 router isis
 isis wide-metric 100
 no isis hello padding
 ip pim sparse-mode
!
interface vlan 1000
 no shutdown
 ipv6 enable
 ipv6 router ospf area 1
!
interface vlan 2000
 ipv6 enable
 ipv6 ospf cost 1
 ipv6 router ospf area 0
!
ip access-list standard ssm_acl
 deny 233.0.0.0 0.0.0.255
 permit any
!
router bgp 17858
 bgp log-neighbor-changes
 neighbor 70.0.0.2 remote-as 17858
 !
 address-family ipv4
 bgp network import-check
 neighbor 70.0.0.2 activate
 exit-address-family
 !
 address-family ipv6
 bgp network import-check
 exit-address-family
!
router ospf
 ospf log-neighbor-changes
!
router ospf 1
 ospf router-id 1.1.1.1
 ospf log-neighbor-changes
 network 1.1.1.1 0.0.0.0 area 0
 network 50.0.0.0 0.0.0.255 area 0
 network 60.0.0.0 0.0.0.255 area 0
 network 70.0.0.0 0.0.0.255 area 0
!
router ospf 100
 ospf log-neighbor-changes
 network 10.0.0.0 0.0.0.255 area 0
!
router ipv6 ospf
 router-id 155.1.185.155
 ospf log-neighbor-changes
 redistribute static metric 1 metric-type 1
 area 1 nssa
!
router isis
 no adjacency-check
 default-information originate
 net 49.0001.0000.0000.0001.00
router isis isis
 is-type level-1
router isis test
 is-type level-1
!
ip pim bsr-candidate lo
ip pim ssm default
!
router vrrp br20 1
 associate 20.0.0.254
!
ip mroute 10.0.0.1/32 60.0.0.2
!
ip route 10.71.1.0/24 10.71.20.254
!
ip igmp snooping
!
ipv6 route 2001:eeee:eeee:eeee::/64 2001:db8:9999:9999::2
!
snmp community ro public
snmp community rw private
!
end
V8500[A]#